<?xml version="1.0" encoding="utf-8"?><testsuites><testsuite name="pytest" errors="0" failures="0" skipped="0" tests="6" time="4.372" timestamp="2026-01-26T09:50:11.803570" hostname="agent-env-558ae5a8-1c6e-443e-aff0-9326a55d6e2a"><testcase classname="backend.tests.test_client_user_email_password.TestLoginMustChangePassword" name="test_login_returns_must_change_password_flag" time="0.315" /><testcase classname="backend.tests.test_client_user_email_password.TestClientUserCreate" name="test_create_client_user_sets_must_change_password" time="0.795" /><testcase classname="backend.tests.test_client_user_email_password.TestPasswordChange" name="test_password_change_endpoint" time="1.315" /><testcase classname="backend.tests.test_client_user_email_password.TestPasswordChange" name="test_password_change_wrong_current_password" time="0.808" /><testcase classname="backend.tests.test_client_user_email_password.TestClientUserEmailUpdate" name="test_update_client_user_email_triggers_password_reset" time="0.550" /><testcase classname="backend.tests.test_client_user_email_password.TestClientUserEmailUpdate" name="test_update_client_user_name_only" time="0.536" /></testsuite></testsuites>