<?xml version="1.0" encoding="utf-8"?><testsuites><testsuite name="pytest" errors="0" failures="0" skipped="0" tests="10" time="2.139" timestamp="2026-01-23T19:06:07.895340" hostname="agent-env-0fe9d0ea-61c8-465c-981f-410db02a4a8e"><testcase classname="backend.tests.test_p1_p2_features.TestInterviewPipelineStats" name="test_get_pipeline_stats" time="0.341" /><testcase classname="backend.tests.test_p1_p2_features.TestPublicBookingEndpoints" name="test_get_public_interview_valid_token" time="0.045" /><testcase classname="backend.tests.test_p1_p2_features.TestPublicBookingEndpoints" name="test_get_public_interview_invalid_token" time="0.038" /><testcase classname="backend.tests.test_p1_p2_features.TestPublicBookingEndpoints" name="test_get_public_interview_nonexistent" time="0.040" /><testcase classname="backend.tests.test_p1_p2_features.TestPublicBookingEndpoints" name="test_public_book_slot_invalid_token" time="0.040" /><testcase classname="backend.tests.test_p1_p2_features.TestBookingLinkGeneration" name="test_get_booking_link" time="0.298" /><testcase classname="backend.tests.test_p1_p2_features.TestBookingLinkGeneration" name="test_get_booking_link_nonexistent_interview" time="0.303" /><testcase classname="backend.tests.test_p1_p2_features.TestGovernanceEndpoints" name="test_list_client_roles" time="0.309" /><testcase classname="backend.tests.test_p1_p2_features.TestGovernanceEndpoints" name="test_list_role_assignments" time="0.345" /><testcase classname="backend.tests.test_p1_p2_features.TestGovernanceEndpoints" name="test_get_audit_logs" time="0.303" /></testsuite></testsuites>