<?xml version="1.0" encoding="utf-8"?><testsuites><testsuite name="pytest" errors="0" failures="0" skipped="0" tests="15" time="6.484" timestamp="2026-01-24T18:42:00.700659" hostname="agent-env-3f1bfa7a-f56a-495b-8651-67a88562c5d0"><testcase classname="backend.tests.test_candidate_portal.TestCandidatePortalRegistration" name="test_register_candidate_success" time="0.302" /><testcase classname="backend.tests.test_candidate_portal.TestCandidatePortalRegistration" name="test_register_candidate_duplicate_email" time="0.569" /><testcase classname="backend.tests.test_candidate_portal.TestCandidatePortalRegistration" name="test_register_candidate_required_fields_only" time="0.263" /><testcase classname="backend.tests.test_candidate_portal.TestCandidatePortalRegistration" name="test_register_candidate_missing_required_field" time="0.076" /><testcase classname="backend.tests.test_candidate_portal.TestCandidatePortalLogin" name="test_login_success" time="0.523" /><testcase classname="backend.tests.test_candidate_portal.TestCandidatePortalLogin" name="test_login_invalid_email" time="0.302" /><testcase classname="backend.tests.test_candidate_portal.TestCandidatePortalLogin" name="test_login_invalid_password" time="0.561" /><testcase classname="backend.tests.test_candidate_portal.TestCandidatePortalMe" name="test_me_endpoint_success" time="0.568" /><testcase classname="backend.tests.test_candidate_portal.TestCandidatePortalMe" name="test_me_endpoint_no_token" time="0.555" /><testcase classname="backend.tests.test_candidate_portal.TestCandidatePortalMe" name="test_me_endpoint_invalid_token" time="0.558" /><testcase classname="backend.tests.test_candidate_portal.TestCandidatePortalMyInterviews" name="test_my_interviews_endpoint_success" time="0.556" /><testcase classname="backend.tests.test_candidate_portal.TestCandidatePortalMyInterviews" name="test_my_interviews_no_token" time="0.575" /><testcase classname="backend.tests.test_candidate_portal.TestCandidatePortalBookSlot" name="test_book_slot_no_token" time="0.037" /><testcase classname="backend.tests.test_candidate_portal.TestCandidatePortalBookSlot" name="test_book_slot_invalid_interview" time="0.562" /><testcase classname="backend.tests.test_candidate_portal.TestExistingCandidateLogin" name="test_login_with_test_credentials" time="0.342" /></testsuite></testsuites>