<?xml version="1.0" encoding="utf-8"?><testsuites><testsuite name="pytest" errors="0" failures="0" skipped="0" tests="15" time="7.752" timestamp="2026-01-26T09:10:09.237360" hostname="agent-env-558ae5a8-1c6e-443e-aff0-9326a55d6e2a"><testcase classname="backend.tests.test_ui_enhancements.TestClientExtendedFields" name="test_create_client_with_extended_fields" time="0.327" /><testcase classname="backend.tests.test_ui_enhancements.TestClientExtendedFields" name="test_update_client_extended_fields" time="0.044" /><testcase classname="backend.tests.test_ui_enhancements.TestClientExtendedFields" name="test_get_client_returns_extended_fields" time="0.043" /><testcase classname="backend.tests.test_ui_enhancements.TestClientUserManagement" name="test_update_client_user" time="0.608" /><testcase classname="backend.tests.test_ui_enhancements.TestClientUserManagement" name="test_update_client_user_partial" time="0.035" /><testcase classname="backend.tests.test_ui_enhancements.TestClientUserManagement" name="test_update_nonexistent_user" time="0.038" /><testcase classname="backend.tests.test_ui_enhancements.TestClientUserManagement" name="test_delete_client_user" time="0.085" /><testcase classname="backend.tests.test_ui_enhancements.TestClientUserManagement" name="test_delete_nonexistent_user" time="0.049" /><testcase classname="backend.tests.test_ui_enhancements.TestDeleteCandidate" name="test_delete_candidate_success" time="5.157" /><testcase classname="backend.tests.test_ui_enhancements.TestDeleteCandidate" name="test_delete_nonexistent_candidate" time="0.040" /><testcase classname="backend.tests.test_ui_enhancements.TestInterviewPipelineStats" name="test_get_pipeline_stats" time="0.303" /><testcase classname="backend.tests.test_ui_enhancements.TestDashboardNavigation" name="test_clients_list_endpoint" time="0.305" /><testcase classname="backend.tests.test_ui_enhancements.TestDashboardNavigation" name="test_jobs_list_endpoint" time="0.043" /><testcase classname="backend.tests.test_ui_enhancements.TestDashboardNavigation" name="test_candidates_list_endpoint" time="0.085" /><testcase classname="backend.tests.test_ui_enhancements.TestDashboardNavigation" name="test_interviews_list_endpoint" time="0.504" /></testsuite></testsuites>