<?xml version="1.0" encoding="utf-8"?><testsuites><testsuite name="pytest" errors="0" failures="0" skipped="0" tests="20" time="6.586" timestamp="2026-01-22T20:44:42.319043" hostname="agent-env-0fe9d0ea-61c8-465c-981f-410db02a4a8e"><testcase classname="backend.tests.test_interviews.TestAuthSetup" name="test_admin_login" time="0.324" /><testcase classname="backend.tests.test_interviews.TestAuthSetup" name="test_client_login" time="0.268" /><testcase classname="backend.tests.test_interviews.TestInterviewCreate" name="test_create_interview_success" time="0.824" /><testcase classname="backend.tests.test_interviews.TestInterviewCreate" name="test_create_interview_invalid_job" time="0.314" /><testcase classname="backend.tests.test_interviews.TestInterviewCreate" name="test_create_interview_invalid_candidate" time="0.279" /><testcase classname="backend.tests.test_interviews.TestInterviewCreate" name="test_create_interview_without_auth" time="0.077" /><testcase classname="backend.tests.test_interviews.TestInterviewList" name="test_list_interviews" time="0.277" /><testcase classname="backend.tests.test_interviews.TestInterviewList" name="test_list_interviews_filter_by_job" time="0.276" /><testcase classname="backend.tests.test_interviews.TestInterviewList" name="test_list_interviews_filter_by_status" time="0.269" /><testcase classname="backend.tests.test_interviews.TestInterviewDetails" name="test_get_interview_details" time="0.275" /><testcase classname="backend.tests.test_interviews.TestInterviewDetails" name="test_get_interview_not_found" time="0.274" /><testcase classname="backend.tests.test_interviews.TestInterviewSlotBooking" name="test_book_slot_success" time="0.303" /><testcase classname="backend.tests.test_interviews.TestInterviewSlotBooking" name="test_book_slot_invalid_slot" time="0.280" /><testcase classname="backend.tests.test_interviews.TestInterviewInvite" name="test_send_invite_success" time="0.401" /><testcase classname="backend.tests.test_interviews.TestInterviewStatusActions" name="test_mark_completed" time="0.373" /><testcase classname="backend.tests.test_interviews.TestInterviewStatusActions" name="test_mark_no_show" time="0.293" /><testcase classname="backend.tests.test_interviews.TestInterviewStatusActions" name="test_cancel_interview" time="0.357" /><testcase classname="backend.tests.test_interviews.TestInterviewPipelineStats" name="test_get_pipeline_stats" time="0.352" /><testcase classname="backend.tests.test_interviews.TestCandidateInterviews" name="test_get_candidate_interviews" time="0.277" /><testcase classname="backend.tests.test_interviews.TestCandidateInterviews" name="test_get_candidate_interviews_not_found" time="0.273" /></testsuite></testsuites>